2016-09-01 08:48:16,390 WARN  [SoapUI] Missing folder [C:\Users\Justin\git\Orasi-Selenium-Java-Core\.\ext] for external libraries
2016-09-01 08:48:16,692 INFO  [DefaultSoapUICore] initialized soapui-settings from [C:\Users\Justin\soapui-settings.xml]
2016-09-01 08:48:17,753 INFO  [SchemaUtils] Added default schema from file:/C:/Users/Justin/.m2/repository/eviware/soapui/4.5.0/soapui-4.5.0.jar!/com/eviware/soapui/resources/xsds/xop.xsd with targetNamespace http://www.w3.org/2004/08/xop/include
2016-09-01 08:48:17,791 INFO  [SchemaUtils] Added default schema from file:/C:/Users/Justin/.m2/repository/eviware/soapui/4.5.0/soapui-4.5.0.jar!/com/eviware/soapui/resources/xsds/XMLSchema.xsd with targetNamespace http://www.w3.org/2001/XMLSchema
2016-09-01 08:48:17,795 INFO  [SchemaUtils] Added default schema from file:/C:/Users/Justin/.m2/repository/eviware/soapui/4.5.0/soapui-4.5.0.jar!/com/eviware/soapui/resources/xsds/xml.xsd with targetNamespace http://www.w3.org/XML/1998/namespace
2016-09-01 08:48:17,798 INFO  [SchemaUtils] Added default schema from file:/C:/Users/Justin/.m2/repository/eviware/soapui/4.5.0/soapui-4.5.0.jar!/com/eviware/soapui/resources/xsds/swaref.xsd with targetNamespace http://ws-i.org/profiles/basic/1.1/xsd
2016-09-01 08:48:17,800 INFO  [SchemaUtils] Added default schema from file:/C:/Users/Justin/.m2/repository/eviware/soapui/4.5.0/soapui-4.5.0.jar!/com/eviware/soapui/resources/xsds/xmime200505.xsd with targetNamespace http://www.w3.org/2005/05/xmlmime
2016-09-01 08:48:17,803 INFO  [SchemaUtils] Added default schema from file:/C:/Users/Justin/.m2/repository/eviware/soapui/4.5.0/soapui-4.5.0.jar!/com/eviware/soapui/resources/xsds/xmime200411.xsd with targetNamespace http://www.w3.org/2004/11/xmlmime
2016-09-01 08:48:17,806 INFO  [SchemaUtils] Added default schema from file:/C:/Users/Justin/.m2/repository/eviware/soapui/4.5.0/soapui-4.5.0.jar!/com/eviware/soapui/resources/xsds/soapEnvelope.xsd with targetNamespace http://schemas.xmlsoap.org/soap/envelope/
2016-09-01 08:48:17,813 INFO  [SchemaUtils] Added default schema from file:/C:/Users/Justin/.m2/repository/eviware/soapui/4.5.0/soapui-4.5.0.jar!/com/eviware/soapui/resources/xsds/soapEncoding.xsd with targetNamespace http://schemas.xmlsoap.org/soap/encoding/
2016-09-01 08:48:17,819 INFO  [SchemaUtils] Added default schema from file:/C:/Users/Justin/.m2/repository/eviware/soapui/4.5.0/soapui-4.5.0.jar!/com/eviware/soapui/resources/xsds/soapEnvelope12.xsd with targetNamespace http://www.w3.org/2003/05/soap-envelope
2016-09-01 08:48:17,825 INFO  [SchemaUtils] Added default schema from file:/C:/Users/Justin/.m2/repository/eviware/soapui/4.5.0/soapui-4.5.0.jar!/com/eviware/soapui/resources/xsds/soapEncoding12.xsd with targetNamespace http://www.w3.org/2003/05/soap-encoding
2016-09-01 08:48:19,145 INFO  [SchemaUtils] Loading schema types from [http://www.webservicex.net/uszip.asmx?wsdl]
2016-09-01 08:48:19,145 INFO  [SchemaUtils] Getting schema http://www.webservicex.net/uszip.asmx?wsdl
2016-09-01 08:48:20,097 WARN  [SchemaUtils] Error: jar:file:/C:/Users/Justin/.m2/repository/eviware/soapui/4.5.0/soapui-4.5.0.jar!/com/eviware/soapui/resources/xsds/soapEncoding12.xsd:0: warning: id-idref-idrefs-entity-entities-notation: For compatibility, type 'ID' should only be used for attributes (used for element 'ID@http://www.w3.org/2003/05/soap-encoding').
2016-09-01 08:48:20,098 WARN  [SchemaUtils] Error: jar:file:/C:/Users/Justin/.m2/repository/eviware/soapui/4.5.0/soapui-4.5.0.jar!/com/eviware/soapui/resources/xsds/soapEncoding12.xsd:0: warning: id-idref-idrefs-entity-entities-notation: For compatibility, type 'IDREF' should only be used for attributes (used for element 'IDREF@http://www.w3.org/2003/05/soap-encoding').
2016-09-01 08:48:20,098 WARN  [SchemaUtils] Error: jar:file:/C:/Users/Justin/.m2/repository/eviware/soapui/4.5.0/soapui-4.5.0.jar!/com/eviware/soapui/resources/xsds/soapEncoding12.xsd:0: warning: id-idref-idrefs-entity-entities-notation: For compatibility, type 'ENTITY' should only be used for attributes (used for element 'ENTITY@http://www.w3.org/2003/05/soap-encoding').
2016-09-01 08:48:20,098 WARN  [SchemaUtils] Error: jar:file:/C:/Users/Justin/.m2/repository/eviware/soapui/4.5.0/soapui-4.5.0.jar!/com/eviware/soapui/resources/xsds/soapEncoding12.xsd:0: warning: id-idref-idrefs-entity-entities-notation: For compatibility, type 'IDREFS' should only be used for attributes (used for element 'IDREFS@http://www.w3.org/2003/05/soap-encoding').
2016-09-01 08:48:20,098 WARN  [SchemaUtils] Error: jar:file:/C:/Users/Justin/.m2/repository/eviware/soapui/4.5.0/soapui-4.5.0.jar!/com/eviware/soapui/resources/xsds/soapEncoding12.xsd:0: warning: id-idref-idrefs-entity-entities-notation: For compatibility, type 'ENTITIES' should only be used for attributes (used for element 'ENTITIES@http://www.w3.org/2003/05/soap-encoding').
2016-09-01 08:48:20,098 WARN  [SchemaUtils] Error: jar:file:/C:/Users/Justin/.m2/repository/eviware/soapui/4.5.0/soapui-4.5.0.jar!/com/eviware/soapui/resources/xsds/soapEncoding.xsd:0: warning: id-idref-idrefs-entity-entities-notation: For compatibility, type 'ID' should only be used for attributes (used for element 'ID@http://schemas.xmlsoap.org/soap/encoding/').
2016-09-01 08:48:20,099 WARN  [SchemaUtils] Error: jar:file:/C:/Users/Justin/.m2/repository/eviware/soapui/4.5.0/soapui-4.5.0.jar!/com/eviware/soapui/resources/xsds/soapEncoding.xsd:0: warning: id-idref-idrefs-entity-entities-notation: For compatibility, type 'IDREF' should only be used for attributes (used for element 'IDREF@http://schemas.xmlsoap.org/soap/encoding/').
2016-09-01 08:48:20,099 WARN  [SchemaUtils] Error: jar:file:/C:/Users/Justin/.m2/repository/eviware/soapui/4.5.0/soapui-4.5.0.jar!/com/eviware/soapui/resources/xsds/soapEncoding.xsd:0: warning: id-idref-idrefs-entity-entities-notation: For compatibility, type 'ENTITY' should only be used for attributes (used for element 'ENTITY@http://schemas.xmlsoap.org/soap/encoding/').
2016-09-01 08:48:20,099 WARN  [SchemaUtils] Error: jar:file:/C:/Users/Justin/.m2/repository/eviware/soapui/4.5.0/soapui-4.5.0.jar!/com/eviware/soapui/resources/xsds/soapEncoding.xsd:0: warning: id-idref-idrefs-entity-entities-notation: For compatibility, type 'IDREFS' should only be used for attributes (used for element 'IDREFS@http://schemas.xmlsoap.org/soap/encoding/').
2016-09-01 08:48:20,099 WARN  [SchemaUtils] Error: jar:file:/C:/Users/Justin/.m2/repository/eviware/soapui/4.5.0/soapui-4.5.0.jar!/com/eviware/soapui/resources/xsds/soapEncoding.xsd:0: warning: id-idref-idrefs-entity-entities-notation: For compatibility, type 'ENTITIES' should only be used for attributes (used for element 'ENTITIES@http://schemas.xmlsoap.org/soap/encoding/').
2016-09-01 08:48:20,105 INFO  [WsdlImporter] Finding importer for {http://www.webserviceX.NET}USZipSoap12
2016-09-01 08:48:20,110 INFO  [WsdlImporter] Importing binding {http://www.webserviceX.NET}USZipSoap12
2016-09-01 08:48:20,169 INFO  [Soap12HttpBindingImporter] importing endpoint http://www.webservicex.net/uszip.asmx
2016-09-01 08:48:20,237 INFO  [Soap12HttpBindingImporter] importing operation GetInfoByAreaCode
2016-09-01 08:48:20,536 INFO  [Soap12HttpBindingImporter] importing operation GetInfoByCity
2016-09-01 08:48:20,538 INFO  [Soap12HttpBindingImporter] importing operation GetInfoByState
2016-09-01 08:48:20,539 INFO  [Soap12HttpBindingImporter] importing operation GetInfoByZIP
2016-09-01 08:48:20,739 INFO  [WsdlImporter] Finding importer for {http://www.webserviceX.NET}USZipHttpPost
2016-09-01 08:48:20,739 INFO  [WsdlImporter] Missing importer for {http://www.webserviceX.NET}USZipHttpPost
2016-09-01 08:48:20,739 INFO  [WsdlImporter] Finding importer for {http://www.webserviceX.NET}USZipSoap
2016-09-01 08:48:20,739 INFO  [WsdlImporter] Importing binding {http://www.webserviceX.NET}USZipSoap
2016-09-01 08:48:20,741 INFO  [Soap11HttpBindingImporter] importing endpoint http://www.webservicex.net/uszip.asmx
2016-09-01 08:48:20,743 INFO  [Soap11HttpBindingImporter] importing operation GetInfoByAreaCode
2016-09-01 08:48:20,744 INFO  [Soap11HttpBindingImporter] importing operation GetInfoByCity
2016-09-01 08:48:20,745 INFO  [Soap11HttpBindingImporter] importing operation GetInfoByState
2016-09-01 08:48:20,745 INFO  [Soap11HttpBindingImporter] importing operation GetInfoByZIP
2016-09-01 08:48:20,748 INFO  [WsdlImporter] Finding importer for {http://www.webserviceX.NET}USZipHttpGet
2016-09-01 08:48:20,748 INFO  [WsdlImporter] Missing importer for {http://www.webserviceX.NET}USZipHttpGet
2016-09-01 08:48:20,749 INFO  [WsdlImporter] Finding importer for {http://www.webserviceX.NET}USZipHttpGet
2016-09-01 08:48:20,749 INFO  [WsdlImporter] Missing importer for {http://www.webserviceX.NET}USZipHttpGet
2016-09-01 08:48:20,749 INFO  [WsdlImporter] Finding importer for {http://www.webserviceX.NET}USZipHttpPost
2016-09-01 08:48:20,749 INFO  [WsdlImporter] Missing importer for {http://www.webserviceX.NET}USZipHttpPost
